|- !A->!!!A -> !!!!A->!!A
( 1 )  ( ( (! A) -> (! (! (! A))) ) -> ( ( (! A) -> (! (! (! A))) ) -> ( (! A) -> (! (! (! A))) ) ) )  (Сх. акс. 1)
( 2 )  ( ( ( (! A) -> (! (! (! A))) ) -> ( ( (! A) -> (! (! (! A))) ) -> ( (! A) -> (! (! (! A))) ) ) ) -> ( ( ( (! A) -> (! (! (! A))) ) -> ( ( ( (! A) -> (! (! (! A))) ) -> ( (! A) -> (! (! (! A))) ) ) -> ( (! A) -> (! (! (! A))) ) ) ) -> ( ( (! A) -> (! (! (! A))) ) -> ( (! A) -> (! (! (! A))) ) ) ) )  (Сх. акс. 2)
( 3 )  ( ( ( (! A) -> (! (! (! A))) ) -> ( ( ( (! A) -> (! (! (! A))) ) -> ( (! A) -> (! (! (! A))) ) ) -> ( (! A) -> (! (! (! A))) ) ) ) -> ( ( (! A) -> (! (! (! A))) ) -> ( (! A) -> (! (! (! A))) ) ) )  (М.Р. 1, 2)
( 4 )  ( ( (! A) -> (! (! (! A))) ) -> ( ( ( (! A) -> (! (! (! A))) ) -> ( (! A) -> (! (! (! A))) ) ) -> ( (! A) -> (! (! (! A))) ) ) )  (Сх. акс. 1)
( 5 )  ( ( (! A) -> (! (! (! A))) ) -> ( (! A) -> (! (! (! A))) ) )  (М.Р. 4, 3)
( 6 )  ( ( ( (! A) -> (! (! (! A))) ) -> ( (! (! (! (! A)))) -> ( (! A) -> (! (! (! A))) ) ) ) -> ( ( (! A) -> (! (! (! A))) ) -> ( ( (! A) -> (! (! (! A))) ) -> ( (! (! (! (! A)))) -> ( (! A) -> (! (! (! A))) ) ) ) ) )  (Сх. акс. 1)
( 7 )  ( ( (! A) -> (! (! (! A))) ) -> ( (! (! (! (! A)))) -> ( (! A) -> (! (! (! A))) ) ) )  (Сх. акс. 1)
( 8 )  ( ( (! A) -> (! (! (! A))) ) -> ( ( (! A) -> (! (! (! A))) ) -> ( (! (! (! (! A)))) -> ( (! A) -> (! (! (! A))) ) ) ) )  (М.Р. 7, 6)
( 9 )  ( ( (! A) -> (! (! (! A))) ) -> ( (! A) -> (! (! (! A))) )) -> ( ( (! A) -> (! (! (! A))) ) -> ( ( ( (! A) -> (! (! (! A))) ) -> ( (! (! (! (! A)))) -> ( (! A) -> (! (! (! A))) ) ) ) )) -> ( ( (! A) -> (! (! (! A))) ) -> (!!!!A->(!A->!!!A)) )  (Сх. акс. 2)
( 10 )  ( ( ( (! A) -> (! (! (! A))) ) ) -> ( ( ( (! A) -> (! (! (! A))) ) -> ( (! (! (! (! A)))) -> ( (! A) -> (! (! (! A))) ) ) ) ) ) -> ( ( (! A) -> (! (! (! A))) ) -> (!!!!A->(!A->!!!A)) )  (М.Р. 5, 9)
( 11 )  ( ( (! A) -> (! (! (! A))) ) -> (!!!!A->(!A->!!!A)) )  (Сх. акс. 1)
( 12 )  ( ( (! (! (! (! A)))) -> ( (! A) -> (! (! (! (! A)))) ) ) -> ( ( (! A) -> (! (! (! A))) ) -> ( (! (! (! (! A)))) -> ( (! A) -> (! (! (! (! A)))) ) ) ) )  (Сх. акс. 1)
( 13 )  ( (! (! (! (! A)))) -> ( (! A) -> (! (! (! (! A)))) ) )  (Сх. акс. 1)
( 14 )  ( ( (! A) -> (! (! (! A))) ) -> ( (! (! (! (! A)))) -> ( (! A) -> (! (! (! (! A)))) ) ) )  (М.Р. 13, 12)
( 15 )  ( ( ( (! (! (! (! A)))) -> ( (! A) -> (! (! (! (! A)))) ) ) -> ( (! (! (! (! A)))) -> ( (! (! (! (! A)))) -> ( (! A) -> (! (! (! (! A)))) ) ) ) ) -> ( ( (! A) -> (! (! (! A))) ) -> ( ( (! (! (! (! A)))) -> ( (! A) -> (! (! (! (! A)))) ) ) -> ( (! (! (! (! A)))) -> ( (! (! (! (! A)))) -> ( (! A) -> (! (! (! (! A)))) ) ) ) ) ) )  (Сх. акс. 1)
( 16 )  ( ( (! (! (! (! A)))) -> ( (! A) -> (! (! (! (! A)))) ) ) -> ( (! (! (! (! A)))) -> ( (! (! (! (! A)))) -> ( (! A) -> (! (! (! (! A)))) ) ) ) )  (Сх. акс. 1)
( 17 )  ( ( (! A) -> (! (! (! A))) ) -> ( ( (! (! (! (! A)))) -> ( (! A) -> (! (! (! (! A)))) ) ) -> ( (! (! (! (! A)))) -> ( (! (! (! (! A)))) -> ( (! A) -> (! (! (! (! A)))) ) ) ) ) )  (М.Р. 16, 15)
( 18 )  ( ( (! A) -> (! (! (! A))) ) -> ( (! (! (! (! A)))) -> ( (! A) -> (! (! (! (! A)))) ) )) -> ( ( (! A) -> (! (! (! A))) ) -> ( ( ( (! (! (! (! A)))) -> ( (! A) -> (! (! (! (! A)))) ) ) -> ( (! (! (! (! A)))) -> ( (! (! (! (! A)))) -> ( (! A) -> (! (! (! (! A)))) ) ) ) ) )) -> ( ( (! A) -> (! (! (! A))) ) -> (!!!!A->(!!!!A->(!A->!!!!A))) )  (Сх. акс. 2)
( 19 )  ( ( ( (! A) -> (! (! (! A))) ) ) -> ( ( ( (! (! (! (! A)))) -> ( (! A) -> (! (! (! (! A)))) ) ) -> ( (! (! (! (! A)))) -> ( (! (! (! (! A)))) -> ( (! A) -> (! (! (! (! A)))) ) ) ) ) ) ) -> ( ( (! A) -> (! (! (! A))) ) -> (!!!!A->(!!!!A->(!A->!!!!A))) )  (М.Р. 14, 18)
( 20 )  ( ( (! A) -> (! (! (! A))) ) -> (!!!!A->(!!!!A->(!A->!!!!A))) )  (М.Р. 17, 19)
( 21 )  ( ( (! (! (! (! A)))) -> ( (! (! (! (! A)))) -> (! (! (! (! A)))) ) ) -> ( ( (! A) -> (! (! (! A))) ) -> ( (! (! (! (! A)))) -> ( (! (! (! (! A)))) -> (! (! (! (! A)))) ) ) ) )  (Сх. акс. 1)
( 22 )  ( (! (! (! (! A)))) -> ( (! (! (! (! A)))) -> (! (! (! (! A)))) ) )  (Сх. акс. 1)
( 23 )  ( ( (! A) -> (! (! (! A))) ) -> ( (! (! (! (! A)))) -> ( (! (! (! (! A)))) -> (! (! (! (! A)))) ) ) )  (М.Р. 22, 21)
( 24 )  ( ( (! (! (! (! A)))) -> ( ( (! (! (! (! A)))) -> (! (! (! (! A)))) ) -> (! (! (! (! A)))) ) ) -> ( ( (! A) -> (! (! (! A))) ) -> ( (! (! (! (! A)))) -> ( ( (! (! (! (! A)))) -> (! (! (! (! A)))) ) -> (! (! (! (! A)))) ) ) ) )  (Сх. акс. 1)
( 25 )  ( (! (! (! (! A)))) -> ( ( (! (! (! (! A)))) -> (! (! (! (! A)))) ) -> (! (! (! (! A)))) ) )  (Сх. акс. 1)
( 26 )  ( ( (! A) -> (! (! (! A))) ) -> ( (! (! (! (! A)))) -> ( ( (! (! (! (! A)))) -> (! (! (! (! A)))) ) -> (! (! (! (! A)))) ) ) )  (М.Р. 25, 24)
( 27 )  ( ( ( (! (! (! (! A)))) -> ( (! (! (! (! A)))) -> (! (! (! (! A)))) ) ) -> ( ( (! (! (! (! A)))) -> ( ( (! (! (! (! A)))) -> (! (! (! (! A)))) ) -> (! (! (! (! A)))) ) ) -> ( (! (! (! (! A)))) -> (! (! (! (! A)))) ) ) ) -> ( ( (! A) -> (! (! (! A))) ) -> ( ( (! (! (! (! A)))) -> ( (! (! (! (! A)))) -> (! (! (! (! A)))) ) ) -> ( ( (! (! (! (! A)))) -> ( ( (! (! (! (! A)))) -> (! (! (! (! A)))) ) -> (! (! (! (! A)))) ) ) -> ( (! (! (! (! A)))) -> (! (! (! (! A)))) ) ) ) ) )  (Сх. акс. 1)
( 28 )  ( ( (! (! (! (! A)))) -> ( (! (! (! (! A)))) -> (! (! (! (! A)))) ) ) -> ( ( (! (! (! (! A)))) -> ( ( (! (! (! (! A)))) -> (! (! (! (! A)))) ) -> (! (! (! (! A)))) ) ) -> ( (! (! (! (! A)))) -> (! (! (! (! A)))) ) ) )  (Сх. акс. 2)
( 29 )  ( ( (! A) -> (! (! (! A))) ) -> ( ( (! (! (! (! A)))) -> ( (! (! (! (! A)))) -> (! (! (! (! A)))) ) ) -> ( ( (! (! (! (! A)))) -> ( ( (! (! (! (! A)))) -> (! (! (! (! A)))) ) -> (! (! (! (! A)))) ) ) -> ( (! (! (! (! A)))) -> (! (! (! (! A)))) ) ) ) )  (М.Р. 28, 27)
( 30 )  ( ( (! A) -> (! (! (! A))) ) -> ( (! (! (! (! A)))) -> ( (! (! (! (! A)))) -> (! (! (! (! A)))) ) )) -> ( ( (! A) -> (! (! (! A))) ) -> ( ( ( (! (! (! (! A)))) -> ( (! (! (! (! A)))) -> (! (! (! (! A)))) ) ) -> ( ( (! (! (! (! A)))) -> ( ( (! (! (! (! A)))) -> (! (! (! (! A)))) ) -> (! (! (! (! A)))) ) ) -> ( (! (! (! (! A)))) -> (! (! (! (! A)))) ) ) ) )) -> ( ( (! A) -> (! (! (! A))) ) -> ((!!!!A->((!!!!A->!!!!A)->!!!!A))->(!!!!A->!!!!A)) )  (Сх. акс. 2)
( 31 )  ( ( ( (! A) -> (! (! (! A))) ) ) -> ( ( ( (! (! (! (! A)))) -> ( (! (! (! (! A)))) -> (! (! (! (! A)))) ) ) -> ( ( (! (! (! (! A)))) -> ( ( (! (! (! (! A)))) -> (! (! (! (! A)))) ) -> (! (! (! (! A)))) ) ) -> ( (! (! (! (! A)))) -> (! (! (! (! A)))) ) ) ) ) ) -> ( ( (! A) -> (! (! (! A))) ) -> ((!!!!A->((!!!!A->!!!!A)->!!!!A))->(!!!!A->!!!!A)) )  (М.Р. 23, 30)
( 32 )  ( ( (! A) -> (! (! (! A))) ) -> ((!!!!A->((!!!!A->!!!!A)->!!!!A))->(!!!!A->!!!!A)) )  (М.Р. 29, 31)
( 33 )  ( ( (! A) -> (! (! (! A))) ) -> ( (! (! (! (! A)))) -> ( ( (! (! (! (! A)))) -> (! (! (! (! A)))) ) -> (! (! (! (! A)))) ) )) -> ( ( (! A) -> (! (! (! A))) ) -> ( ( ( (! (! (! (! A)))) -> ( ( (! (! (! (! A)))) -> (! (! (! (! A)))) ) -> (! (! (! (! A)))) ) ) -> ( (! (! (! (! A)))) -> (! (! (! (! A)))) ) ) )) -> ( ( (! A) -> (! (! (! A))) ) -> (!!!!A->!!!!A) )  (Сх. акс. 2)
( 34 )  ( ( ( (! A) -> (! (! (! A))) ) ) -> ( ( ( (! (! (! (! A)))) -> ( ( (! (! (! (! A)))) -> (! (! (! (! A)))) ) -> (! (! (! (! A)))) ) ) -> ( (! (! (! (! A)))) -> (! (! (! (! A)))) ) ) ) ) -> ( ( (! A) -> (! (! (! A))) ) -> (!!!!A->!!!!A) )  (М.Р. 26, 33)
( 35 )  ( ( (! A) -> (! (! (! A))) ) -> (!!!!A->!!!!A) )  (М.Р. 32, 34)
( 36 )  ( ( ( (! (! (! (! A)))) -> (! (! (! (! A)))) ) -> ( ( (! (! (! (! A)))) -> ( (! (! (! (! A)))) -> ( (! A) -> (! (! (! (! A)))) ) ) ) -> ( (! (! (! (! A)))) -> ( (! A) -> (! (! (! (! A)))) ) ) ) ) -> ( ( (! A) -> (! (! (! A))) ) -> ( ( (! (! (! (! A)))) -> (! (! (! (! A)))) ) -> ( ( (! (! (! (! A)))) -> ( (! (! (! (! A)))) -> ( (! A) -> (! (! (! (! A)))) ) ) ) -> ( (! (! (! (! A)))) -> ( (! A) -> (! (! (! (! A)))) ) ) ) ) ) )  (Сх. акс. 1)
( 37 )  ( ( (! (! (! (! A)))) -> (! (! (! (! A)))) ) -> ( ( (! (! (! (! A)))) -> ( (! (! (! (! A)))) -> ( (! A) -> (! (! (! (! A)))) ) ) ) -> ( (! (! (! (! A)))) -> ( (! A) -> (! (! (! (! A)))) ) ) ) )  (Сх. акс. 2)
( 38 )  ( ( (! A) -> (! (! (! A))) ) -> ( ( (! (! (! (! A)))) -> (! (! (! (! A)))) ) -> ( ( (! (! (! (! A)))) -> ( (! (! (! (! A)))) -> ( (! A) -> (! (! (! (! A)))) ) ) ) -> ( (! (! (! (! A)))) -> ( (! A) -> (! (! (! (! A)))) ) ) ) ) )  (М.Р. 37, 36)
( 39 )  ( ( (! A) -> (! (! (! A))) ) -> ( (! (! (! (! A)))) -> (! (! (! (! A)))) )) -> ( ( (! A) -> (! (! (! A))) ) -> ( ( ( (! (! (! (! A)))) -> (! (! (! (! A)))) ) -> ( ( (! (! (! (! A)))) -> ( (! (! (! (! A)))) -> ( (! A) -> (! (! (! (! A)))) ) ) ) -> ( (! (! (! (! A)))) -> ( (! A) -> (! (! (! (! A)))) ) ) ) ) )) -> ( ( (! A) -> (! (! (! A))) ) -> ((!!!!A->(!!!!A->(!A->!!!!A)))->(!!!!A->(!A->!!!!A))) )  (Сх. акс. 2)
( 40 )  ( ( ( (! A) -> (! (! (! A))) ) ) -> ( ( ( (! (! (! (! A)))) -> (! (! (! (! A)))) ) -> ( ( (! (! (! (! A)))) -> ( (! (! (! (! A)))) -> ( (! A) -> (! (! (! (! A)))) ) ) ) -> ( (! (! (! (! A)))) -> ( (! A) -> (! (! (! (! A)))) ) ) ) ) ) ) -> ( ( (! A) -> (! (! (! A))) ) -> ((!!!!A->(!!!!A->(!A->!!!!A)))->(!!!!A->(!A->!!!!A))) )  (М.Р. 35, 39)
( 41 )  ( ( (! A) -> (! (! (! A))) ) -> ((!!!!A->(!!!!A->(!A->!!!!A)))->(!!!!A->(!A->!!!!A))) )  (М.Р. 38, 40)
( 42 )  ( ( (! (! (! (! A)))) -> ( (! A) -> (! (! (! (! A)))) ) ) -> ( ( (! A) -> (! (! (! A))) ) -> ( (! (! (! (! A)))) -> ( (! A) -> (! (! (! (! A)))) ) ) ) )  (Сх. акс. 1)
( 43 )  ( (! (! (! (! A)))) -> ( (! A) -> (! (! (! (! A)))) ) )  (Сх. акс. 1)
( 44 )  ( ( (! A) -> (! (! (! A))) ) -> ( (! (! (! (! A)))) -> ( (! A) -> (! (! (! (! A)))) ) ) )  (М.Р. 43, 42)
( 45 )  ( ( ( (! A) -> (! (! (! A))) ) -> ( ( (! A) -> (! (! (! (! A)))) ) -> (! (! A)) ) ) -> ( ( (! A) -> (! (! (! A))) ) -> ( ( (! A) -> (! (! (! A))) ) -> ( ( (! A) -> (! (! (! (! A)))) ) -> (! (! A)) ) ) ) )  (Сх. акс. 1)
( 46 )  ( ( (! A) -> (! (! (! A))) ) -> ( ( (! A) -> (! (! (! (! A)))) ) -> (! (! A)) ) )  (Сх. акс. 9)
( 47 )  ( ( (! A) -> (! (! (! A))) ) -> ( ( (! A) -> (! (! (! A))) ) -> ( ( (! A) -> (! (! (! (! A)))) ) -> (! (! A)) ) ) )  (М.Р. 46, 45)
( 48 )  ( ( ( ( (! A) -> (! (! (! A))) ) -> ( ( (! A) -> (! (! (! (! A)))) ) -> (! (! A)) ) ) -> ( (! (! (! (! A)))) -> ( ( (! A) -> (! (! (! A))) ) -> ( ( (! A) -> (! (! (! (! A)))) ) -> (! (! A)) ) ) ) ) -> ( ( (! A) -> (! (! (! A))) ) -> ( ( ( (! A) -> (! (! (! A))) ) -> ( ( (! A) -> (! (! (! (! A)))) ) -> (! (! A)) ) ) -> ( (! (! (! (! A)))) -> ( ( (! A) -> (! (! (! A))) ) -> ( ( (! A) -> (! (! (! (! A)))) ) -> (! (! A)) ) ) ) ) ) )  (Сх. акс. 1)
( 49 )  ( ( ( (! A) -> (! (! (! A))) ) -> ( ( (! A) -> (! (! (! (! A)))) ) -> (! (! A)) ) ) -> ( (! (! (! (! A)))) -> ( ( (! A) -> (! (! (! A))) ) -> ( ( (! A) -> (! (! (! (! A)))) ) -> (! (! A)) ) ) ) )  (Сх. акс. 1)
( 50 )  ( ( (! A) -> (! (! (! A))) ) -> ( ( ( (! A) -> (! (! (! A))) ) -> ( ( (! A) -> (! (! (! (! A)))) ) -> (! (! A)) ) ) -> ( (! (! (! (! A)))) -> ( ( (! A) -> (! (! (! A))) ) -> ( ( (! A) -> (! (! (! (! A)))) ) -> (! (! A)) ) ) ) ) )  (М.Р. 49, 48)
( 51 )  ( ( (! A) -> (! (! (! A))) ) -> ( ( (! A) -> (! (! (! A))) ) -> ( ( (! A) -> (! (! (! (! A)))) ) -> (! (! A)) ) )) -> ( ( (! A) -> (! (! (! A))) ) -> ( ( ( ( (! A) -> (! (! (! A))) ) -> ( ( (! A) -> (! (! (! (! A)))) ) -> (! (! A)) ) ) -> ( (! (! (! (! A)))) -> ( ( (! A) -> (! (! (! A))) ) -> ( ( (! A) -> (! (! (! (! A)))) ) -> (! (! A)) ) ) ) ) )) -> ( ( (! A) -> (! (! (! A))) ) -> (!!!!A->((!A->!!!A)->((!A->!!!!A)->!!A))) )  (Сх. акс. 2)
( 52 )  ( ( ( (! A) -> (! (! (! A))) ) ) -> ( ( ( ( (! A) -> (! (! (! A))) ) -> ( ( (! A) -> (! (! (! (! A)))) ) -> (! (! A)) ) ) -> ( (! (! (! (! A)))) -> ( ( (! A) -> (! (! (! A))) ) -> ( ( (! A) -> (! (! (! (! A)))) ) -> (! (! A)) ) ) ) ) ) ) -> ( ( (! A) -> (! (! (! A))) ) -> (!!!!A->((!A->!!!A)->((!A->!!!!A)->!!A))) )  (М.Р. 47, 51)
( 53 )  ( ( (! A) -> (! (! (! A))) ) -> (!!!!A->((!A->!!!A)->((!A->!!!!A)->!!A))) )  (М.Р. 50, 52)
( 54 )  ( ( ( (! (! (! (! A)))) -> ( (! A) -> (! (! (! A))) ) ) -> ( ( (! (! (! (! A)))) -> ( ( (! A) -> (! (! (! A))) ) -> ( ( (! A) -> (! (! (! (! A)))) ) -> (! (! A)) ) ) ) -> ( (! (! (! (! A)))) -> ( ( (! A) -> (! (! (! (! A)))) ) -> (! (! A)) ) ) ) ) -> ( ( (! A) -> (! (! (! A))) ) -> ( ( (! (! (! (! A)))) -> ( (! A) -> (! (! (! A))) ) ) -> ( ( (! (! (! (! A)))) -> ( ( (! A) -> (! (! (! A))) ) -> ( ( (! A) -> (! (! (! (! A)))) ) -> (! (! A)) ) ) ) -> ( (! (! (! (! A)))) -> ( ( (! A) -> (! (! (! (! A)))) ) -> (! (! A)) ) ) ) ) ) )  (Сх. акс. 1)
( 55 )  ( ( (! (! (! (! A)))) -> ( (! A) -> (! (! (! A))) ) ) -> ( ( (! (! (! (! A)))) -> ( ( (! A) -> (! (! (! A))) ) -> ( ( (! A) -> (! (! (! (! A)))) ) -> (! (! A)) ) ) ) -> ( (! (! (! (! A)))) -> ( ( (! A) -> (! (! (! (! A)))) ) -> (! (! A)) ) ) ) )  (Сх. акс. 2)
( 56 )  ( ( (! A) -> (! (! (! A))) ) -> ( ( (! (! (! (! A)))) -> ( (! A) -> (! (! (! A))) ) ) -> ( ( (! (! (! (! A)))) -> ( ( (! A) -> (! (! (! A))) ) -> ( ( (! A) -> (! (! (! (! A)))) ) -> (! (! A)) ) ) ) -> ( (! (! (! (! A)))) -> ( ( (! A) -> (! (! (! (! A)))) ) -> (! (! A)) ) ) ) ) )  (М.Р. 55, 54)
( 57 )  ( ( (! A) -> (! (! (! A))) ) -> ( (! (! (! (! A)))) -> ( (! A) -> (! (! (! A))) ) )) -> ( ( (! A) -> (! (! (! A))) ) -> ( ( ( (! (! (! (! A)))) -> ( (! A) -> (! (! (! A))) ) ) -> ( ( (! (! (! (! A)))) -> ( ( (! A) -> (! (! (! A))) ) -> ( ( (! A) -> (! (! (! (! A)))) ) -> (! (! A)) ) ) ) -> ( (! (! (! (! A)))) -> ( ( (! A) -> (! (! (! (! A)))) ) -> (! (! A)) ) ) ) ) )) -> ( ( (! A) -> (! (! (! A))) ) -> ((!!!!A->((!A->!!!A)->((!A->!!!!A)->!!A)))->(!!!!A->((!A->!!!!A)->!!A))) )  (Сх. акс. 2)
( 58 )  ( ( ( (! A) -> (! (! (! A))) ) ) -> ( ( ( (! (! (! (! A)))) -> ( (! A) -> (! (! (! A))) ) ) -> ( ( (! (! (! (! A)))) -> ( ( (! A) -> (! (! (! A))) ) -> ( ( (! A) -> (! (! (! (! A)))) ) -> (! (! A)) ) ) ) -> ( (! (! (! (! A)))) -> ( ( (! A) -> (! (! (! (! A)))) ) -> (! (! A)) ) ) ) ) ) ) -> ( ( (! A) -> (! (! (! A))) ) -> ((!!!!A->((!A->!!!A)->((!A->!!!!A)->!!A)))->(!!!!A->((!A->!!!!A)->!!A))) )  (М.Р. 11, 57)
( 59 )  ( ( (! A) -> (! (! (! A))) ) -> ((!!!!A->((!A->!!!A)->((!A->!!!!A)->!!A)))->(!!!!A->((!A->!!!!A)->!!A))) )  (М.Р. 56, 58)
( 60 )  ( ( (! A) -> (! (! (! A))) ) -> ( (! (! (! (! A)))) -> ( ( (! A) -> (! (! (! A))) ) -> ( ( (! A) -> (! (! (! (! A)))) ) -> (! (! A)) ) ) )) -> ( ( (! A) -> (! (! (! A))) ) -> ( ( ( (! (! (! (! A)))) -> ( ( (! A) -> (! (! (! A))) ) -> ( ( (! A) -> (! (! (! (! A)))) ) -> (! (! A)) ) ) ) -> ( (! (! (! (! A)))) -> ( ( (! A) -> (! (! (! (! A)))) ) -> (! (! A)) ) ) ) )) -> ( ( (! A) -> (! (! (! A))) ) -> (!!!!A->((!A->!!!!A)->!!A)) )  (Сх. акс. 2)
( 61 )  ( ( ( (! A) -> (! (! (! A))) ) ) -> ( ( ( (! (! (! (! A)))) -> ( ( (! A) -> (! (! (! A))) ) -> ( ( (! A) -> (! (! (! (! A)))) ) -> (! (! A)) ) ) ) -> ( (! (! (! (! A)))) -> ( ( (! A) -> (! (! (! (! A)))) ) -> (! (! A)) ) ) ) ) ) -> ( ( (! A) -> (! (! (! A))) ) -> (!!!!A->((!A->!!!!A)->!!A)) )  (М.Р. 53, 60)
( 62 )  ( ( (! A) -> (! (! (! A))) ) -> (!!!!A->((!A->!!!!A)->!!A)) )  (М.Р. 59, 61)
( 63 )  ( ( ( (! (! (! (! A)))) -> ( (! A) -> (! (! (! (! A)))) ) ) -> ( ( (! (! (! (! A)))) -> ( ( (! A) -> (! (! (! (! A)))) ) -> (! (! A)) ) ) -> ( (! (! (! (! A)))) -> (! (! A)) ) ) ) -> ( ( (! A) -> (! (! (! A))) ) -> ( ( (! (! (! (! A)))) -> ( (! A) -> (! (! (! (! A)))) ) ) -> ( ( (! (! (! (! A)))) -> ( ( (! A) -> (! (! (! (! A)))) ) -> (! (! A)) ) ) -> ( (! (! (! (! A)))) -> (! (! A)) ) ) ) ) )  (Сх. акс. 1)
( 64 )  ( ( (! (! (! (! A)))) -> ( (! A) -> (! (! (! (! A)))) ) ) -> ( ( (! (! (! (! A)))) -> ( ( (! A) -> (! (! (! (! A)))) ) -> (! (! A)) ) ) -> ( (! (! (! (! A)))) -> (! (! A)) ) ) )  (Сх. акс. 2)
( 65 )  ( ( (! A) -> (! (! (! A))) ) -> ( ( (! (! (! (! A)))) -> ( (! A) -> (! (! (! (! A)))) ) ) -> ( ( (! (! (! (! A)))) -> ( ( (! A) -> (! (! (! (! A)))) ) -> (! (! A)) ) ) -> ( (! (! (! (! A)))) -> (! (! A)) ) ) ) )  (М.Р. 64, 63)
( 66 )  ( ( (! A) -> (! (! (! A))) ) -> ( (! (! (! (! A)))) -> ( (! A) -> (! (! (! (! A)))) ) )) -> ( ( (! A) -> (! (! (! A))) ) -> ( ( ( (! (! (! (! A)))) -> ( (! A) -> (! (! (! (! A)))) ) ) -> ( ( (! (! (! (! A)))) -> ( ( (! A) -> (! (! (! (! A)))) ) -> (! (! A)) ) ) -> ( (! (! (! (! A)))) -> (! (! A)) ) ) ) )) -> ( ( (! A) -> (! (! (! A))) ) -> ((!!!!A->((!A->!!!!A)->!!A))->(!!!!A->!!A)) )  (Сх. акс. 2)
( 67 )  ( ( ( (! A) -> (! (! (! A))) ) ) -> ( ( ( (! (! (! (! A)))) -> ( (! A) -> (! (! (! (! A)))) ) ) -> ( ( (! (! (! (! A)))) -> ( ( (! A) -> (! (! (! (! A)))) ) -> (! (! A)) ) ) -> ( (! (! (! (! A)))) -> (! (! A)) ) ) ) ) ) -> ( ( (! A) -> (! (! (! A))) ) -> ((!!!!A->((!A->!!!!A)->!!A))->(!!!!A->!!A)) )  (М.Р. 44, 66)
( 68 )  ( ( (! A) -> (! (! (! A))) ) -> ((!!!!A->((!A->!!!!A)->!!A))->(!!!!A->!!A)) )  (М.Р. 65, 67)
( 69 )  ( ( (! (! (! (! A)))) -> (! (! A)) ) -> ( ( (! A) -> (! (! (! A))) ) -> ( (! (! (! (! A)))) -> (! (! A)) ) ) )  (Сх. акс. 1)
( 70 )  ( (! (! (! (! A)))) -> (! (! A)) )  (Сх. акс. 10)
( 71 )  ( ( (! A) -> (! (! (! A))) ) -> ( (! (! (! (! A)))) -> (! (! A)) ) )  (М.Р. 70, 69)
